
> alkemy-ai-studio@2.0.0 build
> vite build

vite v6.4.1 building for production...
transforming...
[vite:css][postcss] @import must precede all other statements (besides @charset or empty @layer)
4  |  
5  |  /* Import Modern UI Effects */
6  |  @import './styles/modern-effects.css';
   |  ^^^^^^^^^^^^^^^^^^^^^^^^^^^^^^^^^^^^^^
7  |  
8  |  @layer base {
✓ 2579 modules transformed.
rendering chunks...
computing gzip size...
dist/index.html                                             1.81 kB │ gzip:   0.77 kB
dist/assets/worker-BAOIWoxA.js                              2.53 kB
dist/assets/index-DU8Yl7iK.css                            149.72 kB │ gzip:  21.75 kB
dist/assets/__vite-browser-external-DYxpcVy9-BIHI7g3E.js    0.03 kB │ gzip:   0.05 kB
dist/assets/ffmpeg-vendor-m3sXFh_d.js                       5.53 kB │ gzip:   2.22 kB
dist/assets/data-services-CGNFrXZh.js                       9.04 kB │ gzip:   3.33 kB
dist/assets/generation-services-pJuEW1-X.js                54.91 kB │ gzip:  18.78 kB
dist/assets/jszip.min-BQLcYyAo.js                          97.26 kB │ gzip:  30.18 kB
dist/assets/ui-vendor-BNbpa5vJ.js                         117.87 kB │ gzip:  39.15 kB
dist/assets/three-vendor-8mEi7fji.js                      125.24 kB │ gzip:  34.34 kB
dist/assets/supabase-vendor-CDdsCdCA.js                   174.65 kB │ gzip:  45.45 kB
dist/assets/react-vendor-gyLQSXEF.js                      234.30 kB │ gzip:  75.76 kB
dist/assets/ai-services-BlO9eLLe.js                       349.45 kB │ gzip:  84.98 kB
dist/assets/index-MikWGtfu.js                             547.51 kB │ gzip: 136.90 kB
✓ built in 9.98s
